<?xml version="1.0" encoding="UTF-8"?>
<!-- Generated by org.testng.reporters.JUnitXMLReporter -->
<testsuite ignored="2" hostname="LTIN683249" failures="0" tests="5" name="Test1" time="328.031" errors="0" timestamp="2026-05-20T15:48:04 IST">
  <testcase classname="testCases.TC_001_Identify_Hospitals" name="searchForHospitals" time="14.833"/>
  <testcase classname="testCases.TC_001_Identify_Hospitals" name="collectHospitalLinks" time="0.844"/>
  <testcase classname="testCases.TC_001_Identify_Hospitals" name="validateHospitalDetails" time="125.684"/>
  <testcase classname="testCases.TC_003_CorporateWellnessTest" name="verifyCorporateWellnessDemoForm" time="132.496"/>
  <testcase classname="testCases.TC_002_DiagnosticTest" name="verifyTopCitiesInDiagnosticPage" time="3.757"/>
  <testcase classname="base.BaseClass" name="@BeforeSuite copyEnvFile" time="0.0">
    <ignored/>
  </testcase> <!-- @BeforeSuite copyEnvFile -->
  <testcase classname="base.BaseClass" name="@BeforeSuite copyEnvFile" time="0.0">
    <ignored/>
  </testcase> <!-- @BeforeSuite copyEnvFile -->
</testsuite> <!-- Test1 -->
