<?xml version="1.0" encoding="UTF-8"?>
<testng-results ignored="0" total="5" passed="5" failed="0" skipped="0">
  <reporter-output>
  </reporter-output>
  <suite started-at="2026-05-20T15:42:36 IST" name="Suite" finished-at="2026-05-20T15:48:04 IST" duration-ms="328031">
    <groups>
    </groups>
    <test started-at="2026-05-20T15:42:36 IST" name="Test1" finished-at="2026-05-20T15:48:04 IST" duration-ms="328031">
      <class name="testCases.TC_001_Identify_Hospitals">
        <test-method is-config="true" signature="copyEnvFile()[pri:0, instance:testCases.TC_001_Identify_Hospitals@79d8407f]" started-at="2026-05-20T15:42:36 IST" name="copyEnvFile" finished-at="2026-05-20T15:42:36 IST" duration-ms="66" status="PASS">
          <reporter-output>
          </reporter-output>
        </test-method> <!-- copyEnvFile -->
        <test-method is-config="true" signature="setup(java.lang.String)[pri:0, instance:testCases.TC_001_Identify_Hospitals@79d8407f]" started-at="2026-05-20T15:42:36 IST" name="setup" finished-at="2026-05-20T15:42:49 IST" duration-ms="13221" status="PASS">
          <params>
            <param index="0">
              <value>
                <![CDATA[chrome]]>
              </value>
            </param>
          </params>
          <reporter-output>
          </reporter-output>
        </test-method> <!-- setup -->
        <test-method signature="searchForHospitals()[pri:1, instance:testCases.TC_001_Identify_Hospitals@79d8407f]" started-at="2026-05-20T15:42:49 IST" name="searchForHospitals" finished-at="2026-05-20T15:43:04 IST" duration-ms="14833" status="PASS">
          <reporter-output>
          </reporter-output>
        </test-method> <!-- searchForHospitals -->
        <test-method signature="collectHospitalLinks()[pri:2, instance:testCases.TC_001_Identify_Hospitals@79d8407f]" started-at="2026-05-20T15:43:04 IST" name="collectHospitalLinks" finished-at="2026-05-20T15:43:05 IST" depends-on-methods="testCases.TC_001_Identify_Hospitals.searchForHospitals" duration-ms="844" status="PASS">
          <reporter-output>
          </reporter-output>
        </test-method> <!-- collectHospitalLinks -->
        <test-method signature="validateHospitalDetails()[pri:3, instance:testCases.TC_001_Identify_Hospitals@79d8407f]" started-at="2026-05-20T15:43:05 IST" name="validateHospitalDetails" finished-at="2026-05-20T15:45:10 IST" depends-on-methods="testCases.TC_001_Identify_Hospitals.collectHospitalLinks" duration-ms="125684" status="PASS">
          <reporter-output>
          </reporter-output>
        </test-method> <!-- validateHospitalDetails -->
        <test-method is-config="true" signature="tearDown()[pri:0, instance:testCases.TC_001_Identify_Hospitals@79d8407f]" started-at="2026-05-20T15:45:10 IST" name="tearDown" finished-at="2026-05-20T15:45:19 IST" duration-ms="9067" status="PASS">
          <reporter-output>
          </reporter-output>
        </test-method> <!-- tearDown -->
      </class> <!-- testCases.TC_001_Identify_Hospitals -->
      <class name="testCases.TC_002_DiagnosticTest">
        <test-method is-config="true" signature="setup(java.lang.String)[pri:0, instance:testCases.TC_002_DiagnosticTest@394df057]" started-at="2026-05-20T15:47:48 IST" name="setup" finished-at="2026-05-20T15:47:56 IST" duration-ms="7420" status="PASS">
          <params>
            <param index="0">
              <value>
                <![CDATA[chrome]]>
              </value>
            </param>
          </params>
          <reporter-output>
          </reporter-output>
        </test-method> <!-- setup -->
        <test-method signature="verifyTopCitiesInDiagnosticPage()[pri:2, instance:testCases.TC_002_DiagnosticTest@394df057]" started-at="2026-05-20T15:47:56 IST" name="verifyTopCitiesInDiagnosticPage" finished-at="2026-05-20T15:48:00 IST" duration-ms="3757" status="PASS">
          <reporter-output>
          </reporter-output>
        </test-method> <!-- verifyTopCitiesInDiagnosticPage -->
        <test-method is-config="true" signature="tearDown()[pri:0, instance:testCases.TC_002_DiagnosticTest@394df057]" started-at="2026-05-20T15:48:00 IST" name="tearDown" finished-at="2026-05-20T15:48:04 IST" duration-ms="4142" status="PASS">
          <reporter-output>
          </reporter-output>
        </test-method> <!-- tearDown -->
      </class> <!-- testCases.TC_002_DiagnosticTest -->
      <class name="testCases.TC_003_CorporateWellnessTest">
        <test-method is-config="true" signature="setup(java.lang.String)[pri:0, instance:testCases.TC_003_CorporateWellnessTest@71e9ddb4]" started-at="2026-05-20T15:45:19 IST" name="setup" finished-at="2026-05-20T15:45:27 IST" duration-ms="7153" status="PASS">
          <params>
            <param index="0">
              <value>
                <![CDATA[chrome]]>
              </value>
            </param>
          </params>
          <reporter-output>
          </reporter-output>
        </test-method> <!-- setup -->
        <test-method signature="verifyCorporateWellnessDemoForm()[pri:3, instance:testCases.TC_003_CorporateWellnessTest@71e9ddb4]" started-at="2026-05-20T15:45:27 IST" name="verifyCorporateWellnessDemoForm" finished-at="2026-05-20T15:47:39 IST" duration-ms="132496" status="PASS">
          <reporter-output>
          </reporter-output>
        </test-method> <!-- verifyCorporateWellnessDemoForm -->
        <test-method is-config="true" signature="tearDown()[pri:0, instance:testCases.TC_003_CorporateWellnessTest@71e9ddb4]" started-at="2026-05-20T15:47:39 IST" name="tearDown" finished-at="2026-05-20T15:47:48 IST" duration-ms="9300" status="PASS">
          <reporter-output>
          </reporter-output>
        </test-method> <!-- tearDown -->
      </class> <!-- testCases.TC_003_CorporateWellnessTest -->
    </test> <!-- Test1 -->
  </suite> <!-- Suite -->
</testng-results>
