<?xml version="1.0" encoding="UTF-8"?>
<!-- Generated by org.testng.reporters.JUnitReportReporter -->
<testsuite hostname="LTIN683249" failures="0" tests="3" name="testCases.TC_001_Identify_Hospitals" time="141.361" errors="0" timestamp="2026-05-20T15:48:04 IST" skipped="0">
  <testcase classname="testCases.TC_001_Identify_Hospitals" name="searchForHospitals" time="14.833"/>
  <testcase classname="testCases.TC_001_Identify_Hospitals" name="collectHospitalLinks" time="0.844"/>
  <testcase classname="testCases.TC_001_Identify_Hospitals" name="validateHospitalDetails" time="125.684"/>
</testsuite> <!-- testCases.TC_001_Identify_Hospitals -->
